# JRE version: OpenJDK Runtime Environment (11.0.13) (build 11.0.13+0-b1751.21-8125866)
# Java VM: OpenJDK 64-Bit Server VM (11.0.13+0-b1751.21-8125866, mixed mode, tiered, compressed oops, g1 gc, windows-amd64)
Heap:
 garbage-first heap   total 683008K, used 217385K [0x0000000080000000, 0x0000000100000000)
  region size 1024K, 3 young (3072K), 3 survivors (3072K)
 Metaspace       used 135201K, capacity 138731K, committed 139164K, reserved 1171456K
  class space    used 16177K, capacity 17531K, committed 17944K, reserved 1048576K
GC Heap History (20 events):
Event: 1991.052 GC heap after
{Heap after GC invocations=105 (full 0):
 garbage-first heap   total 227328K, used 134336K [0x0000000080000000, 0x0000000100000000)
  region size 1024K, 9 young (9216K), 9 survivors (9216K)
 Metaspace       used 134016K, capacity 137434K, committed 138012K, reserved 1169408K
  class space    used 16019K, capacity 17324K, committed 17816K, reserved 1048576K
}
Event: 1991.054 GC heap before
{Heap before GC invocations=105 (full 0):
 garbage-first heap   total 227328K, used 140480K [0x0000000080000000, 0x0000000100000000)
  region size 1024K, 11 young (11264K), 9 survivors (9216K)
 Metaspace       used 134017K, capacity 137434K, committed 138012K, reserved 1169408K
  class space    used 16019K, capacity 17324K, committed 17816K, reserved 1048576K
}
Event: 1991.069 GC heap after
{Heap after GC invocations=106 (full 0):
 garbage-first heap   total 227328K, used 125189K [0x0000000080000000, 0x0000000100000000)
  region size 1024K, 2 young (2048K), 2 survivors (2048K)
 Metaspace       used 134017K, capacity 137434K, committed 138012K, reserved 1169408K
  class space    used 16019K, capacity 17324K, committed 17816K, reserved 1048576K
}
Event: 1991.070 GC heap before
{Heap before GC invocations=106 (full 0):
 garbage-first heap   total 227328K, used 125189K [0x0000000080000000, 0x0000000100000000)
  region size 1024K, 4 young (4096K), 2 survivors (2048K)
 Metaspace       used 134017K, capacity 137434K, committed 138012K, reserved 1169408K
  class space    used 16019K, capacity 17324K, committed 17816K, reserved 1048576K
}
Event: 1991.077 GC heap after
{Heap after GC invocations=107 (full 0):
 garbage-first heap   total 273408K, used 125499K [0x0000000080000000, 0x0000000100000000)
  region size 1024K, 2 young (2048K), 2 survivors (2048K)
 Metaspace       used 134017K, capacity 137434K, committed 138012K, reserved 1169408K
  class space    used 16019K, capacity 17324K, committed 17816K, reserved 1048576K
}
Event: 1991.374 GC heap before
{Heap before GC invocations=108 (full 0):
 garbage-first heap   total 273408K, used 194107K [0x0000000080000000, 0x0000000100000000)
  region size 1024K, 56 young (57344K), 2 survivors (2048K)
 Metaspace       used 134026K, capacity 137438K, committed 138012K, reserved 1169408K
  class space    used 16019K, capacity 17325K, committed 17816K, reserved 1048576K
}
Event: 1991.394 GC heap after
{Heap after GC invocations=109 (full 0):
 garbage-first heap   total 273408K, used 151426K [0x0000000080000000, 0x0000000100000000)
  region size 1024K, 10 young (10240K), 10 survivors (10240K)
 Metaspace       used 134026K, capacity 137438K, committed 138012K, reserved 1169408K
  class space    used 16019K, capacity 17325K, committed 17816K, reserved 1048576K
}
Event: 1991.676 GC heap before
{Heap before GC invocations=109 (full 0):
 garbage-first heap   total 273408K, used 210818K [0x0000000080000000, 0x0000000100000000)
  region size 1024K, 68 young (69632K), 10 survivors (10240K)
 Metaspace       used 134273K, capacity 137682K, committed 138268K, reserved 1169408K
  class space    used 16037K, capacity 17341K, committed 17816K, reserved 1048576K
}
Event: 1991.715 GC heap after
{Heap after GC invocations=110 (full 0):
 garbage-first heap   total 273408K, used 179059K [0x0000000080000000, 0x0000000100000000)
  region size 1024K, 9 young (9216K), 9 survivors (9216K)
 Metaspace       used 134273K, capacity 137682K, committed 138268K, reserved 1169408K
  class space    used 16037K, capacity 17341K, committed 17816K, reserved 1048576K
}
Event: 1991.868 GC heap before
{Heap before GC invocations=111 (full 0):
 garbage-first heap   total 273408K, used 214899K [0x0000000080000000, 0x0000000100000000)
  region size 1024K, 45 young (46080K), 9 survivors (9216K)
 Metaspace       used 134310K, capacity 137686K, committed 138268K, reserved 1169408K
  class space    used 16037K, capacity 17341K, committed 17816K, reserved 1048576K
}
Event: 1991.902 GC heap after
{Heap after GC invocations=112 (full 0):
 garbage-first heap   total 273408K, used 199168K [0x0000000080000000, 0x0000000100000000)
  region size 1024K, 6 young (6144K), 6 survivors (6144K)
 Metaspace       used 134310K, capacity 137686K, committed 138268K, reserved 1169408K
  class space    used 16037K, capacity 17341K, committed 17816K, reserved 1048576K
}
Event: 1991.936 GC heap before
{Heap before GC invocations=112 (full 0):
 garbage-first heap   total 273408K, used 206336K [0x0000000080000000, 0x0000000100000000)
  region size 1024K, 13 young (13312K), 6 survivors (6144K)
 Metaspace       used 134310K, capacity 137686K, committed 138268K, reserved 1169408K
  class space    used 16037K, capacity 17341K, committed 17816K, reserved 1048576K
}
Event: 1991.963 GC heap after
{Heap after GC invocations=113 (full 0):
 garbage-first heap   total 456704K, used 203776K [0x0000000080000000, 0x0000000100000000)
  region size 1024K, 2 young (2048K), 2 survivors (2048K)
 Metaspace       used 134310K, capacity 137686K, committed 138268K, reserved 1169408K
  class space    used 16037K, capacity 17341K, committed 17816K, reserved 1048576K
}
Event: 1992.855 GC heap before
{Heap before GC invocations=113 (full 0):
 garbage-first heap   total 456704K, used 294912K [0x0000000080000000, 0x0000000100000000)
  region size 1024K, 92 young (94208K), 2 survivors (2048K)
 Metaspace       used 134969K, capacity 138528K, committed 139164K, reserved 1171456K
  class space    used 16157K, capacity 17513K, committed 17944K, reserved 1048576K
}
Event: 1992.910 GC heap after
{Heap after GC invocations=114 (full 0):
 garbage-first heap   total 456704K, used 223052K [0x0000000080000000, 0x0000000100000000)
  region size 1024K, 12 young (12288K), 12 survivors (12288K)
 Metaspace       used 134969K, capacity 138528K, committed 139164K, reserved 1171456K
  class space    used 16157K, capacity 17513K, committed 17944K, reserved 1048576K
}
Event: 1995.139 GC heap before
{Heap before GC invocations=115 (full 0):
 garbage-first heap   total 456704K, used 299852K [0x0000000080000000, 0x0000000100000000)
  region size 1024K, 97 young (99328K), 12 survivors (12288K)
 Metaspace       used 135190K, capacity 138731K, committed 139164K, reserved 1171456K
  class space    used 16177K, capacity 17531K, committed 17944K, reserved 1048576K
}
Event: 1995.169 GC heap after
{Heap after GC invocations=116 (full 0):
 garbage-first heap   total 456704K, used 219065K [0x0000000080000000, 0x0000000100000000)
  region size 1024K, 7 young (7168K), 7 survivors (7168K)
 Metaspace       used 135190K, capacity 138731K, committed 139164K, reserved 1171456K
  class space    used 16177K, capacity 17531K, committed 17944K, reserved 1048576K
}
Event: 1995.385 GC heap before
{Heap before GC invocations=116 (full 0):
 garbage-first heap   total 456704K, used 235449K [0x0000000080000000, 0x0000000100000000)
  region size 1024K, 22 young (22528K), 7 survivors (7168K)
 Metaspace       used 135201K, capacity 138731K, committed 139164K, reserved 1171456K
  class space    used 16177K, capacity 17531K, committed 17944K, reserved 1048576K
}
Event: 1995.415 GC heap after
{Heap after GC invocations=117 (full 0):
 garbage-first heap   total 456704K, used 217265K [0x0000000080000000, 0x0000000100000000)
  region size 1024K, 3 young (3072K), 3 survivors (3072K)
 Metaspace       used 135201K, capacity 138731K, committed 139164K, reserved 1171456K
  class space    used 16177K, capacity 17531K, committed 17944K, reserved 1048576K
}
Event: 1995.448 GC heap before
{Heap before GC invocations=117 (full 0):
 garbage-first heap   total 456704K, used 218289K [0x0000000080000000, 0x0000000100000000)
  region size 1024K, 5 young (5120K), 3 survivors (3072K)
 Metaspace       used 135201K, capacity 138731K, committed 139164K, reserved 1171456K
  class space    used 16177K, capacity 17531K, committed 17944K, reserved 1048576K
}

